<?xml version="1.0" encoding="UTF-8"?>
<!-- Generated by org.testng.reporters.JUnitReportReporter -->
<testsuite hostname="claudiu-Aspire" name="com.healthchart.springmvc.controller.AppControllerTest" tests="10" failures="0" timestamp="14 Jun 2018 03:16:56 GMT" time="0.027" errors="0">
  <testcase name="updateEmployeeWithValidationError" time="0.000" classname="com.healthchart.springmvc.controller.AppControllerTest"/>
  <testcase name="saveEmployeeWithSuccess" time="0.001" classname="com.healthchart.springmvc.controller.AppControllerTest"/>
  <testcase name="listEmployees" time="0.000" classname="com.healthchart.springmvc.controller.AppControllerTest"/>
  <testcase name="updateEmployeeWithValidationErrorNonUniqueSSN" time="0.001" classname="com.healthchart.springmvc.controller.AppControllerTest"/>
  <testcase name="newEmployee" time="0.000" classname="com.healthchart.springmvc.controller.AppControllerTest"/>
  <testcase name="saveEmployeeWithValidationErrorNonUniqueSSN" time="0.002" classname="com.healthchart.springmvc.controller.AppControllerTest"/>
  <testcase name="editEmployee" time="0.022" classname="com.healthchart.springmvc.controller.AppControllerTest"/>
  <testcase name="updateEmployeeWithSuccess" time="0.001" classname="com.healthchart.springmvc.controller.AppControllerTest"/>
  <testcase name="saveEmployeeWithValidationError" time="0.000" classname="com.healthchart.springmvc.controller.AppControllerTest"/>
  <testcase name="deleteEmployee" time="0.000" classname="com.healthchart.springmvc.controller.AppControllerTest"/>
</testsuite> <!-- com.healthchart.springmvc.controller.AppControllerTest -->
