<?xml version="1.0" encoding="UTF-8"?>
<!-- Generated by org.testng.reporters.JUnitReportReporter -->
<testsuite hostname="claudiu-Aspire" name="com.healthchart.springmvc.dao.EmployeeDaoImplTest" tests="6" failures="0" timestamp="14 Jun 2018 03:16:56 GMT" time="0.520" errors="0">
  <testcase name="deleteEmployeeBySsn" time="0.040" classname="com.healthchart.springmvc.dao.EmployeeDaoImplTest"/>
  <testcase name="findAllEmployees" time="0.029" classname="com.healthchart.springmvc.dao.EmployeeDaoImplTest"/>
  <testcase name="findById" time="0.045" classname="com.healthchart.springmvc.dao.EmployeeDaoImplTest"/>
  <testcase name="saveEmployee" time="0.219" classname="com.healthchart.springmvc.dao.EmployeeDaoImplTest"/>
  <testcase name="deleteEmployeeByInvalidSsn" time="0.131" classname="com.healthchart.springmvc.dao.EmployeeDaoImplTest"/>
  <testcase name="findEmployeeBySsn" time="0.056" classname="com.healthchart.springmvc.dao.EmployeeDaoImplTest"/>
</testsuite> <!-- com.healthchart.springmvc.dao.EmployeeDaoImplTest -->
