<?xml version="1.0" encoding="UTF-8"?>
<!-- Generated by org.testng.reporters.JUnitReportReporter -->
<testsuite hostname="claudiu-Aspire" name="com.healthchart.springmvc.service.EmployeeServiceImplTest" tests="7" failures="0" timestamp="14 Jun 2018 03:16:56 GMT" time="0.023" errors="0">
  <testcase name="deleteEmployeeBySsn" time="0.020" classname="com.healthchart.springmvc.service.EmployeeServiceImplTest"/>
  <testcase name="findById" time="0.000" classname="com.healthchart.springmvc.service.EmployeeServiceImplTest"/>
  <testcase name="findEmployeeBySsn" time="0.000" classname="com.healthchart.springmvc.service.EmployeeServiceImplTest"/>
  <testcase name="isEmployeeSsnUnique" time="0.000" classname="com.healthchart.springmvc.service.EmployeeServiceImplTest"/>
  <testcase name="saveEmployee" time="0.001" classname="com.healthchart.springmvc.service.EmployeeServiceImplTest"/>
  <testcase name="updateEmployee" time="0.001" classname="com.healthchart.springmvc.service.EmployeeServiceImplTest"/>
  <testcase name="findAllEmployees" time="0.001" classname="com.healthchart.springmvc.service.EmployeeServiceImplTest"/>
</testsuite> <!-- com.healthchart.springmvc.service.EmployeeServiceImplTest -->
